# JRE version: OpenJDK Runtime Environment (8.0_112-b06) (build 1.8.0_112-release-b06)
# Java VM: OpenJDK 64-Bit Server VM (25.112-b06 mixed mode windows-amd64 compressed oops)
Heap:
 PSYoungGen      total 222720K, used 94572K [0x00000000e0000000, 0x00000000ff480000, 0x0000000100000000)
  eden space 175104K, 26% used [0x00000000e0000000,0x00000000e2e0afa8,0x00000000eab00000)
  from space 47616K, 99% used [0x00000000eab00000,0x00000000ed9502a8,0x00000000ed980000)
  to   space 167424K, 0% used [0x00000000f5100000,0x00000000f5100000,0x00000000ff480000)
 ParOldGen       total 1048576K, used 917674K [0x00000000a0000000, 0x00000000e0000000, 0x00000000e0000000)
  object space 1048576K, 87% used [0x00000000a0000000,0x00000000d802a898,0x00000000e0000000)
 Metaspace       used 119123K, capacity 125206K, committed 125312K, reserved 1159168K
  class space    used 14048K, capacity 15232K, committed 15232K, reserved 1048576K
GC Heap History (10 events):
Event: 3358.187 GC heap before
{Heap before GC invocations=56 (full 9):
 PSYoungGen      total 359936K, used 317964K [0x00000000e0000000, 0x0000000100000000, 0x0000000100000000)
  eden space 204800K, 100% used [0x00000000e0000000,0x00000000ec800000,0x00000000ec800000)
  from space 155136K, 72% used [0x00000000f6880000,0x00000000fd7030a0,0x0000000100000000)
  to   space 159744K, 0% used [0x00000000ec800000,0x00000000ec800000,0x00000000f6400000)
 ParOldGen       total 1048576K, used 818901K [0x00000000a0000000, 0x00000000e0000000, 0x00000000e0000000)
  object space 1048576K, 78% used [0x00000000a0000000,0x00000000d1fb5420,0x00000000e0000000)
 Metaspace       used 111078K, capacity 117028K, committed 117120K, reserved 1150976K
  class space    used 13478K, capacity 14657K, committed 14720K, reserved 1048576K
Event: 3358.446 GC heap after
Heap after GC invocations=56 (full 9):
 PSYoungGen      total 356352K, used 151141K [0x00000000e0000000, 0x0000000100000000, 0x0000000100000000)
  eden space 204800K, 0% used [0x00000000e0000000,0x00000000e0000000,0x00000000ec800000)
  from space 151552K, 99% used [0x00000000ec800000,0x00000000f5b99510,0x00000000f5c00000)
  to   space 167936K, 0% used [0x00000000f5c00000,0x00000000f5c00000,0x0000000100000000)
 ParOldGen       total 1048576K, used 818909K [0x00000000a0000000, 0x00000000e0000000, 0x00000000e0000000)
  object space 1048576K, 78% used [0x00000000a0000000,0x00000000d1fb7420,0x00000000e0000000)
 Metaspace       used 111078K, capacity 117028K, committed 117120K, reserved 1150976K
  class space    used 13478K, capacity 14657K, committed 14720K, reserved 1048576K
}
Event: 3454.708 GC heap before
{Heap before GC invocations=57 (full 9):
 PSYoungGen      total 356352K, used 355941K [0x00000000e0000000, 0x0000000100000000, 0x0000000100000000)
  eden space 204800K, 100% used [0x00000000e0000000,0x00000000ec800000,0x00000000ec800000)
  from space 151552K, 99% used [0x00000000ec800000,0x00000000f5b99510,0x00000000f5c00000)
  to   space 167936K, 0% used [0x00000000f5c00000,0x00000000f5c00000,0x0000000100000000)
 ParOldGen       total 1048576K, used 818909K [0x00000000a0000000, 0x00000000e0000000, 0x00000000e0000000)
  object space 1048576K, 78% used [0x00000000a0000000,0x00000000d1fb7420,0x00000000e0000000)
 Metaspace       used 111466K, capacity 117492K, committed 117632K, reserved 1153024K
  class space    used 13509K, capacity 14699K, committed 14720K, reserved 1048576K
Event: 3454.991 GC heap after
Heap after GC invocations=57 (full 9):
 PSYoungGen      total 343040K, used 39735K [0x00000000e0000000, 0x0000000100000000, 0x0000000100000000)
  eden space 175104K, 0% used [0x00000000e0000000,0x00000000e0000000,0x00000000eab00000)
  from space 167936K, 23% used [0x00000000f5c00000,0x00000000f82cdc28,0x0000000100000000)
  to   space 174592K, 0% used [0x00000000eab00000,0x00000000eab00000,0x00000000f5580000)
 ParOldGen       total 1048576K, used 891157K [0x00000000a0000000, 0x00000000e0000000, 0x00000000e0000000)
  object space 1048576K, 84% used [0x00000000a0000000,0x00000000d6645518,0x00000000e0000000)
 Metaspace       used 111466K, capacity 117492K, committed 117632K, reserved 1153024K
  class space    used 13509K, capacity 14699K, committed 14720K, reserved 1048576K
}
Event: 3530.813 GC heap before
{Heap before GC invocations=58 (full 9):
 PSYoungGen      total 343040K, used 214839K [0x00000000e0000000, 0x0000000100000000, 0x0000000100000000)
  eden space 175104K, 100% used [0x00000000e0000000,0x00000000eab00000,0x00000000eab00000)
  from space 167936K, 23% used [0x00000000f5c00000,0x00000000f82cdc28,0x0000000100000000)
  to   space 174592K, 0% used [0x00000000eab00000,0x00000000eab00000,0x00000000f5580000)
 ParOldGen       total 1048576K, used 891157K [0x00000000a0000000, 0x00000000e0000000, 0x00000000e0000000)
  object space 1048576K, 84% used [0x00000000a0000000,0x00000000d6645518,0x00000000e0000000)
 Metaspace       used 111735K, capacity 117826K, committed 117888K, reserved 1153024K
  class space    used 13530K, capacity 14716K, committed 14720K, reserved 1048576K
Event: 3530.901 GC heap after
Heap after GC invocations=58 (full 9):
 PSYoungGen      total 349696K, used 43332K [0x00000000e0000000, 0x0000000100000000, 0x0000000100000000)
  eden space 175104K, 0% used [0x00000000e0000000,0x00000000e0000000,0x00000000eab00000)
  from space 174592K, 24% used [0x00000000eab00000,0x00000000ed551118,0x00000000f5580000)
  to   space 174592K, 0% used [0x00000000f5580000,0x00000000f5580000,0x0000000100000000)
 ParOldGen       total 1048576K, used 904502K [0x00000000a0000000, 0x00000000e0000000, 0x00000000e0000000)
  object space 1048576K, 86% used [0x00000000a0000000,0x00000000d734d960,0x00000000e0000000)
 Metaspace       used 111735K, capacity 117826K, committed 117888K, reserved 1153024K
  class space    used 13530K, capacity 14716K, committed 14720K, reserved 1048576K
}
Event: 3540.409 GC heap before
{Heap before GC invocations=59 (full 9):
 PSYoungGen      total 349696K, used 218436K [0x00000000e0000000, 0x0000000100000000, 0x0000000100000000)
  eden space 175104K, 100% used [0x00000000e0000000,0x00000000eab00000,0x00000000eab00000)
  from space 174592K, 24% used [0x00000000eab00000,0x00000000ed551118,0x00000000f5580000)
  to   space 174592K, 0% used [0x00000000f5580000,0x00000000f5580000,0x0000000100000000)
 ParOldGen       total 1048576K, used 904502K [0x00000000a0000000, 0x00000000e0000000, 0x00000000e0000000)
  object space 1048576K, 86% used [0x00000000a0000000,0x00000000d734d960,0x00000000e0000000)
 Metaspace       used 111969K, capacity 118184K, committed 118528K, reserved 1153024K
  class space    used 13553K, capacity 14749K, committed 14848K, reserved 1048576K
Event: 3540.517 GC heap after
Heap after GC invocations=59 (full 9):
 PSYoungGen      total 343552K, used 47937K [0x00000000e0000000, 0x00000000ffa00000, 0x0000000100000000)
  eden space 175104K, 0% used [0x00000000e0000000,0x00000000e0000000,0x00000000eab00000)
  from space 168448K, 28% used [0x00000000f5580000,0x00000000f8450668,0x00000000ffa00000)
  to   space 171520K, 0% used [0x00000000eab00000,0x00000000eab00000,0x00000000f5280000)
 ParOldGen       total 1048576K, used 917666K [0x00000000a0000000, 0x00000000e0000000, 0x00000000e0000000)
  object space 1048576K, 87% used [0x00000000a0000000,0x00000000d8028898,0x00000000e0000000)
 Metaspace       used 111969K, capacity 118184K, committed 118528K, reserved 1153024K
  class space    used 13553K, capacity 14749K, committed 14848K, reserved 1048576K
}
Event: 3546.494 GC heap before
{Heap before GC invocations=60 (full 9):
 PSYoungGen      total 343552K, used 223041K [0x00000000e0000000, 0x00000000ffa00000, 0x0000000100000000)
  eden space 175104K, 100% used [0x00000000e0000000,0x00000000eab00000,0x00000000eab00000)
  from space 168448K, 28% used [0x00000000f5580000,0x00000000f8450668,0x00000000ffa00000)
  to   space 171520K, 0% used [0x00000000eab00000,0x00000000eab00000,0x00000000f5280000)
 ParOldGen       total 1048576K, used 917666K [0x00000000a0000000, 0x00000000e0000000, 0x00000000e0000000)
  object space 1048576K, 87% used [0x00000000a0000000,0x00000000d8028898,0x00000000e0000000)
 Metaspace       used 117498K, capacity 123626K, committed 123776K, reserved 1157120K
  class space    used 13948K, capacity 15134K, committed 15232K, reserved 1048576K
Event: 3546.591 GC heap after
Heap after GC invocations=60 (full 9):
 PSYoungGen      total 222720K, used 47424K [0x00000000e0000000, 0x00000000ff480000, 0x0000000100000000)
  eden space 175104K, 0% used [0x00000000e0000000,0x00000000e0000000,0x00000000eab00000)
  from space 47616K, 99% used [0x00000000eab00000,0x00000000ed9502a8,0x00000000ed980000)
  to   space 167424K, 0% used [0x00000000f5100000,0x00000000f5100000,0x00000000ff480000)
 ParOldGen       total 1048576K, used 917674K [0x00000000a0000000, 0x00000000e0000000, 0x00000000e0000000)
  object space 1048576K, 87% used [0x00000000a0000000,0x00000000d802a898,0x00000000e0000000)
 Metaspace       used 117498K, capacity 123626K, committed 123776K, reserved 1157120K
  class space    used 13948K, capacity 15134K, committed 15232K, reserved 1048576K
}

